START-OF-LOG: 2.0
CREATED-BY: TR Log POST Version 6.60
CALLSIGN: OK1FCA
CATEGORY: C
CLAIMED-SCORE: 375
NAME: Stanislav Antos
ADDRESS: Zelenohorska 499
ADDRESS: 18100 Praha 81
ADDRESS: Czech Republic
X-RADIOS:      TCVR 70 W 
X-ANTENNAS:    ECO mobile whip @ 5 mtrs
X-EMAIL:       ok1fca@gmail.com
X-SUMMARY: 
X-SUMMARY:                     160m  80m  40m  20m  15m  10m  Total
X-SUMMARY: 
X-SUMMARY:         Valid QSOs:    0   17    0    0    0    0     17
X-SUMMARY:        Total Mults:    0   15    0    0    0    0     15
X-SUMMARY:       Total Points:    0   17    0    0    0    0     25
X-SUMMARY: 
X-SUMMARY: 
X-SUMMARY:     I declare that this station was operated strictly in
X-SUMMARY:     accordance with the rules and spirit of the contest,
X-SUMMARY:     and within the conditions of my licence.  My report
X-SUMMARY:     is correct and true to the best of my knowledge.
X-SUMMARY:     I agree that the decision of the contest organisers
X-SUMMARY:     shall be final in all cases of dispute.  I agree to
X-SUMMARY:     this data being stored, analysed and cross-checked
X-SUMMARY:     by computer.
X-SUMMARY: 
QSO:  3500 CW 2021-09-11 1912 OK1FCA         OM8AQ         599 99 599 96 OL0CHC
QSO:  3500 CW 2021-09-11 1933 OK1FCA         OM5KM         599 98 599 89 OL8CAC 
QSO:  3500 CW 2021-09-11 1945 OK1FCA         OK1FHI        599 97 599 92 OL4BHI
QSO:  3500 CW 2021-09-11 1947 OK1FCA         OK2ZC         599 96 599 69
QSO:  3500 CW 2021-09-11 1958 OK1FCA         OM5CM         599 95 599 66
QSO:  3500 CW 2021-09-11 2006 OK1FCA         OK1OA         599 94 599 57 OL1ABK
QSO:  3500 CW 2021-09-11 2010 OK1FCA         OK1MDK        599 93 599 61 OL5ADK
QSO:  3500 CW 2021-09-11 2013 OK1FCA         OK1DX         599 92 599 55 OL3AXS
QSO:  3500 CW 2021-09-11 2017 OK1FCA         OK1XC         599 91 599 53 OL1ADZ
QSO:  3500 CW 2021-09-11 2021 OK1FCA         OK2WX         599 90 559 62 OL7BDA
QSO:  3500 CW 2021-09-11 2026 OK1FCA         OK1DOL        599 89 599 29 OL3AWW
QSO:  3500 CW 2021-09-11 2038 OK1FCA         OK2PKD        599 88 599 77 OL7AZH
QSO:  3500 CW 2021-09-11 2040 OK1FCA         OK1JPO        599 87 599 62 OL4AES
QSO:  3500 CW 2021-09-11 2046 OK1FCA         OK4RM         599 86 599 42 OL4BEV
QSO:  3500 CW 2021-09-11 2051 OK1FCA         OM7CF         599 85 599 40 OL9AJK
QSO:  3500 CW 2021-09-11 2053 OK1FCA         OK1JOC        599 84 599 75 OL3BJN
QSO:  3500 CW 2021-09-11 2059 OK1FCA         OK2GG         599 83 599 45 OL6AOQ
END-OF-LOG: 
