START-OF-LOG: 3.0
CREATED-BY: TR4W v.4.101.4
CALLSIGN: OK1OA
CONTEST: OL-PARTY
CLAIMED-SCORE: 
CATEGORY-ASSISTED: NON-ASSISTED
CATEGORY-BAND: ALL
CATEGORY-MODE: CW
CATEGORY-OPERATOR: SINGLE-OP
CATEGORY-POWER: HIGH
CATEGORY-STATION: SO
CATEGORY-TRANSMITTER: ONE
OPERATORS: OK1OA
LOCATION: JO70MO
NAME: Jiri Bittner
ADDRESS: U Veze 2435
ADDRESS-CITY: Praha 9
ADDRESS-POSTALCODE: 19300
ADDRESS-COUNTRY: Czech Republic
EMAIL: jiribtt@gmail.com
QSO:  1856 CW 2021-09-11 1901 OK1OA         599 0099             OM7CF          599 0099   OL9AJK      
QSO:  1856 CW 2021-09-11 1901 OK1OA         599 0098             OK1DAG         599 0099   OL1AFB      
QSO:  1856 CW 2021-09-11 1902 OK1OA         599 0097             OK1LL          599 0098   OL9ACZ      
QSO:  1856 CW 2021-09-11 1904 OK1OA         599 0096             OK2ZC          599 0097               
QSO:  1856 CW 2021-09-11 1904 OK1OA         599 0095             OK1FFA         599 0099   OL1AQO      
QSO:  1856 CW 2021-09-11 1906 OK1OA         599 0094             OK1DXQ         599 0099   OL5AXL      
QSO:  1856 CW 2021-09-11 1907 OK1OA         599 0093             OK1DXW         599 0098   OL1ARA      
QSO:  1856 CW 2021-09-11 1908 OK1OA         599 0092             OM5VS          599 0096               
QSO:  1856 CW 2021-09-11 1908 OK1OA         599 0091             OK1DZD         599 0098               
QSO:  1856 CW 2021-09-11 1909 OK1OA         599 0090             OK2BZM         599 0097   OL6AYY      
QSO:  1856 CW 2021-09-11 1911 OK1OA         599 0089             OK1DX          599 0090   OL3AXS      
QSO:  1856 CW 2021-09-11 1912 OK1OA         599 0088             OK2BWM         599 0095   OL6AUL      
QSO:  1856 CW 2021-09-11 1912 OK1OA         599 0087             OK1DN          599 0096   OL1AAG      
QSO:  1852 CW 2021-09-11 1914 OK1OA         599 0086             OM5CM          599 0091               
QSO:  1850 CW 2021-09-11 1916 OK1OA         599 0085             OK2PKD         599 0091   OL7AZH      
QSO:  1854 CW 2021-09-11 1917 OK1OA         599 0084             OK1CZ          599 0089   OL1API      
QSO:  1854 CW 2021-09-11 1918 OK1OA         599 0083             OK1DOL         599 0077   OL3AWW      
QSO:  1856 CW 2021-09-11 1921 OK1OA         599 0082             OK7NV          599 0096   OL1BIC      
QSO:  1856 CW 2021-09-11 1922 OK1OA         599 0081             OK2BMU         599 0085   OL7AVX      
QSO:  1856 CW 2021-09-11 1923 OK1OA         599 0080             OK2GG          599 0089   OL6AOQ      
QSO:  1856 CW 2021-09-11 1925 OK1OA         599 0079             OK2BVX         599 0097   OL6AVS      
QSO:  1856 CW 2021-09-11 1926 OK1OA         599 0078             OK2PWM         599 0093   OL6BEN      
QSO:  1856 CW 2021-09-11 1929 OK1OA         599 0077             OK2BND         599 0088   OL7AGP      
QSO:  1856 CW 2021-09-11 1930 OK1OA         599 0076             OK1JOC         599 0097   OL3BJN      
QSO:  1856 CW 2021-09-11 1931 OK1OA         599 0075             OK8KM          599 0099               
QSO:  1864 CW 2021-09-11 1933 OK1OA         599 0074             OK1FPG         599 0076   OL2BEP      
QSO:  1868 CW 2021-09-11 1934 OK1OA         599 0073             OK1XC          599 0073   OL1ADZ      
QSO:  1869 CW 2021-09-11 1936 OK1OA         599 0072             OK4RM          599 0079   OL4BEV      
QSO:  1867 CW 2021-09-11 1936 OK1OA         599 0071             OK2WX          599 0079   OL7BDA      
QSO:  1854 CW 2021-09-11 1940 OK1OA         599 0070             OK2BMA         599 0091   OL6AAE      
QSO:  1854 CW 2021-09-11 1941 OK1OA         599 0069             OK1DQP         599 0081   OL5BOO      
QSO:  1866 CW 2021-09-11 1945 OK1OA         599 0068             OK1MGW         599 0084   OL5AGW      
QSO:  1866 CW 2021-09-11 1948 OK1OA         599 0067             OK1MAC         599 0090   OL5ALY      
QSO:  1853 CW 2021-09-11 1952 OK1OA         599 0066             OK2ZV          599 0079   OL6BES      
QSO:  1853 CW 2021-09-11 1954 OK1OA         599 0065             OK7TJ          599 0097   OL3AZE      
QSO:  1853 CW 2021-09-11 1958 OK1OA         599 0064             OM5KM          599 0085   OL8CAC      
QSO:  3535 CW 2021-09-11 2001 OK1OA         599 0063             OK1JPO         599 0089   OL4AES      
QSO:  3535 CW 2021-09-11 2002 OK1OA         599 0062             OK2ZC          599 0062               
QSO:  3535 CW 2021-09-11 2003 OK1OA         599 0061             OK1LL          599 0064   OL9ACZ      
QSO:  3535 CW 2021-09-11 2004 OK1OA         599 0060             OK1DAG         599 0086   OL1AFB      
QSO:  3535 CW 2021-09-11 2004 OK1OA         599 0059             OK1MDK         599 0065   OL5ADK      
QSO:  3535 CW 2021-09-11 2005 OK1OA         599 0058             OK1MAC         599 0083   OL5ALY      
QSO:  3535 CW 2021-09-11 2006 OK1OA         599 0057             OK1FCA         599 0094               
QSO:  3535 CW 2021-09-11 2006 OK1OA         599 0056             OK1PW          599 0098   OL2ANK      
QSO:  3535 CW 2021-09-11 2008 OK1OA         599 0055             OM5VS          599 0081               
QSO:  3535 CW 2021-09-11 2008 OK1OA         599 0054             OK1DVA         599 0098               
QSO:  3535 CW 2021-09-11 2010 OK1OA         599 0053             OK1AUO         599 0098   OL1ABM      
QSO:  3535 CW 2021-09-11 2011 OK1OA         599 0052             OK1DN          599 0081   OL1AAG      
QSO:  3535 CW 2021-09-11 2012 OK1OA         599 0051             OM7CF          599 0061   OL9AJK      
QSO:  3535 CW 2021-09-11 2012 OK1OA         599 0050             OK1DOL         599 0042   OL3AWW      
QSO:  3535 CW 2021-09-11 2013 OK1OA         599 0049             OK7NV          599 0086   OL1BIC      
QSO:  3535 CW 2021-09-11 2014 OK1OA         599 0048             OK1DXW         599 0083   OL1ARA      
QSO:  3535 CW 2021-09-11 2014 OK1OA         599 0047             OK2BZM         599 0072   OL6AYY      
QSO:  3535 CW 2021-09-11 2015 OK1OA         599 0046             OK1FFA         599 0082   OL1AQO      
QSO:  3535 CW 2021-09-11 2016 OK1OA         599 0045             OK2BVX         599 0078   OL6AVS      
QSO:  3535 CW 2021-09-11 2017 OK1OA         599 0044             OK1DQP         599 0065   OL5BOO      
QSO:  3535 CW 2021-09-11 2018 OK1OA         599 0043             OK1DZD         599 0088               
QSO:  3535 CW 2021-09-11 2019 OK1OA         599 0042             OK1FJW         599 0091   OL2BIL      
QSO:  3535 CW 2021-09-11 2021 OK1OA         599 0041             OK2BND         599 0075   OL7AGP      
QSO:  3534 CW 2021-09-11 2024 OK1OA         599 0040             OM8AQ          599 0070   OL0CHC      
QSO:  3544 CW 2021-09-11 2026 OK1OA         599 0039             OK1XC          599 0045   OL1ADZ      
QSO:  3543 CW 2021-09-11 2026 OK1OA         599 0038             OK2GG          599 0061   OL6AOQ      
QSO:  3538 CW 2021-09-11 2029 OK1OA         599 0037             OK1FHI         599 0067   OL4BHI      
QSO:  3538 CW 2021-09-11 2030 OK1OA         599 0036             OK1FZM         599 0076   OL1AZM      
QSO:  3538 CW 2021-09-11 2031 OK1OA         599 0035             OK2BMA         599 0068   OL6AAE      
QSO:  3538 CW 2021-09-11 2032 OK1OA         599 0034             OK1DX          599 0036   OL3AXS      
QSO:  3538 CW 2021-09-11 2033 OK1OA         599 0033             OK2ZV          599 0059   OL6BES      
QSO:  3538 CW 2021-09-11 2033 OK1OA         599 0032             OK1MGW         599 0061   OL5AGW      
QSO:  3538 CW 2021-09-11 2034 OK1OA         599 0031             OK7TJ          599 0087   OL3AZE      
QSO:  3538 CW 2021-09-11 2035 OK1OA         599 0030             OK1CZ          599 0034   OL1API      
QSO:  3553 CW 2021-09-11 2044 OK1OA         599 0029             OK2PE          599 0074   OL7ASK      
QSO:  3558 CW 2021-09-11 2048 OK1OA         599 0028             OK2WX          599 0044   OL7BDA      
QSO:  3535 CW 2021-09-11 2052 OK1OA         599 0027             OK8KM          599 0075               
QSO:  3535 CW 2021-09-11 2054 OK1OA         599 0026             OM6PG          599 0069   OL9ABJ      
QSO:  3535 CW 2021-09-11 2058 OK1OA         599 0025             OM5CM          599 0030               
END-OF-LOG: 