START-OF-LOG: 3.0
CREATED-BY: TR4W v.4.82.0
CALLSIGN: OK1XC
CONTEST: OL Party 2021

CATEGORY-ASSISTED: NON-ASSISTED
CATEGORY-BAND: ALL
CATEGORY-MODE: CW
CATEGORY-OPERATOR: SINGLE-OP
CATEGORY-POWER: LOW
OPERATORS: OK1XC
NAME: Josef Miksatko
ADDRESS: Drachov 79
ADDRESS-CITY: Sobeslav
ADDRESS-POSTALCODE: 39201
ADDRESS-COUNTRY: Czech Republic
EMAIL: ok1xc@seznam.cz
QSO:  1800 CW 2021-09-11 1900 OK1XC         599 0099 OK1FPG        599 0099 ol2bep      
QSO:  1800 CW 2021-09-11 1902 OK1XC         599 0098 OM5KM         599 0098 ol8cac       
QSO:  1800 CW 2021-09-11 1903 OK1XC         599 0097 OK2BMA        599 0098 ol6aae      
QSO:  1800 CW 2021-09-11 1904 OK1XC         599 0096 OK2ZC         599 0096        
QSO:  1800 CW 2021-09-11 1905 OK1XC         599 0095 OK1CZ         599 0096 ol1api       
QSO:  1800 CW 2021-09-11 1906 OK1XC         599 0094 OM7CF         599 0094 ol9ajk       
QSO:  1800 CW 2021-09-11 1908 OK1XC         599 0093 OK1PFM        599 0099 ol6ame      
QSO:  1800 CW 2021-09-11 1911 OK1XC         599 0092 OM5VS         599 0094        
QSO:  1800 CW 2021-09-11 1912 OK1XC         599 0091 OK2BZM        599 0095 ol6ayy       
QSO:  1800 CW 2021-09-11 1914 OK1XC         599 0090 OK1LL         599 0089 ol9acz       
QSO:  1800 CW 2021-09-11 1915 OK1XC         599 0089 OK1DZD        599 0096        
QSO:  1800 CW 2021-09-11 1916 OK1XC         599 0088 OK1FJW        599 0098 ol2bil       
QSO:  1800 CW 2021-09-11 1918 OK1XC         599 0087 OL1AIY        599 0097 ol1aiy       
QSO:  1800 CW 2021-09-11 1919 OK1XC         599 0086 OK2GG         599 0092 ol6aoq       
QSO:  1800 CW 2021-09-11 1920 OK1XC         599 0085 OK1DAG        599 0095 ol1afb       
QSO:  1800 CW 2021-09-11 1922 OK1XC         599 0084 OK2ZV         599 0087 ol6bes       
QSO:  1800 CW 2021-09-11 1922 OK1XC         599 0083 OK4RM         599 0090 ol4bev       
QSO:  1800 CW 2021-09-11 1923 OK1XC         599 0082 OK1FZM        599 0092 ol1azm       
QSO:  1800 CW 2021-09-11 1924 OK1XC         599 0081 OM6PG         599 0095 ol9abj       
QSO:  1800 CW 2021-09-11 1925 OK1XC         599 0080 OK1MGW        599 0091 ol5agw       
QSO:  1800 CW 2021-09-11 1926 OK1XC         599 0079 OK2BMU        599 0081 ol7avx       
QSO:  1800 CW 2021-09-11 1927 OK1XC         599 0078 OK1DOL        599 0068 ol3aww       
QSO:  1800 CW 2021-09-11 1928 OK1XC         599 0077 OK2PKD        599 0084 ol7azh       
QSO:  1800 CW 2021-09-11 1929 OK1XC         599 0076 OK1FFA        599 0093 ol1aqo       
QSO:  1800 CW 2021-09-11 1931 OK1XC         599 0075 OK1DXW        599 0090 ol1ara       
QSO:  1800 CW 2021-09-11 1932 OK1XC         599 0074 OK1MAC        599 0092 ol5aly       
QSO:  1800 CW 2021-09-11 1934 OK1XC         599 0073 OK1OA         599 0073 ol1abk       
QSO:  1800 CW 2021-09-11 1934 OK1XC         599 0072 OK1DN         599 0090 ol1aag       
QSO:  1800 CW 2021-09-11 1935 OK1XC         599 0071 OK2BND        599 0094 ol7agp       
QSO:  1800 CW 2021-09-11 1936 OK1XC         599 0070 OK1DX         599 0074 ol3axi       
QSO:  1800 CW 2021-09-11 1945 OK1XC         599 0061 OK8KM         599 0093        
QSO:  1800 CW 2021-09-11 1949 OK1XC         599 0068 OK1DXQ        599 0094 ol5axl       
QSO:  1800 CW 2021-09-11 1950 OK1XC         599 0067 OK2BWM        599 0078 ol6aul       
QSO:  1800 CW 2021-09-11 1954 OK1XC         599 0066 OK2WX         599 0071 ol7bda       
QSO:  3500 CW 2021-09-11 2006 OK1XC         599 0065 OK1JPO        599 0086 ol4aes       
QSO:  3500 CW 2021-09-11 2006 OK1XC         599 0064 OK2ZC         599 0057        
QSO:  3500 CW 2021-09-11 2007 OK1XC         599 0063 OK1LL         599 0062 ol9acz      
QSO:  3500 CW 2021-09-11 2008 OK1XC         599 0062 OK1DQP        599 0070 ol5boo       
QSO:  3500 CW 2021-09-11 2008 OK1XC         599 0061 OK4RM         599 0067 ol4bev       
QSO:  3500 CW 2021-09-11 2010 OK1XC         599 0060 OK7NV         599 0087 ol1bic       
QSO:  3500 CW 2021-09-11 2011 OK1XC         599 0059 OK2BMA        599 0081 ol6aae       
QSO:  3500 CW 2021-09-11 2011 OK1XC         599 0058 OM5VS         599 0077        
QSO:  3500 CW 2021-09-11 2012 OK1XC         599 0057 OK2GG         599 0068 ol6aoq       
QSO:  3500 CW 2021-09-11 2013 OK1XC         599 0056 OK1DOL        599 0039 ol3aww       
QSO:  3500 CW 2021-09-11 2014 OK1XC         599 0055 OK2BND        599 0079 ol7agp       
QSO:  3500 CW 2021-09-11 1915 OK1XC         599 0054 OK1PW         599 0092 ol2ank       
QSO:  3500 CW 2021-09-11 2016 OK1XC         599 0053 OK1FCA        599 0081        
QSO:  3500 CW 2021-09-11 2017 OK1XC         599 0052 OK1DVA        599 0092        
QSO:  3500 CW 2021-09-11 2018 OK1XC         599 0051 OK1CZ         599 0046 ol1api       
QSO:  3500 CW 2021-09-11 2019 OK1XC         599 0050 OK2BVX        599 0075 ol6avs       
QSO:  3500 CW 2021-09-11 2020 OK1XC         599 0049 OK2PKD        599 0089 ol7azh       
QSO:  3500 CW 2021-09-11 2022 OK1XC         599 0048 OK7TJ         599 0090 ol3aze       
QSO:  3500 CW 2021-09-11 2023 OK1XC         599 0047 OK1DXW        599 0077 ol1ara       
QSO:  3500 CW 2021-09-11 2024 OK1XC         599 0046 OM7CF         599 0052 ol9ajk       
QSO:  3500 CW 2021-09-11 2025 OK1XC         599 0045 OK1OA         599 0039 ol1abk       
QSO:  3500 CW 2021-09-11 2027 OK1XC         599 0044 OK1MGW        599 0065 ol5agw       
QSO:  3500 CW 2021-09-11 2027 OK1XC         599 0043 OK1FHI        599 0068 ol4bhi       
QSO:  3500 CW 2021-09-11 2029 OK1XC         599 0058 OK8KM         599 0081        
QSO:  3500 CW 2021-09-11 2030 OK1XC         599 0041 OM5KM         599 0068 ol8cac       
QSO:  3500 CW 2021-09-11 2031 OK1XC         599 0040 OK1JOC        599 0091 ol3bjn       
QSO:  3500 CW 2021-09-11 2041 OK1XC         599 0039 OK1DX         599 0031 ol3axs       
QSO:  3500 CW 2021-09-11 2042 OK1XC         599 0038 OK1FZM        599 0069 ol1azm       
QSO:  3500 CW 2021-09-11 2044 OK1XC         599 0037 OK1DZD        599 0077        
QSO:  3500 CW 2021-09-11 2045 OK1XC         599 0036 OK2ZV         599 0052 ol6bes       
QSO:  3500 CW 2021-09-11 2046 OK1XC         599 0035 OM5CM         599 0035        
QSO:  3500 CW 2021-09-11 2049 OK1XC         599 0034 OM8AQ         599 0060 ol0chc       
QSO:  3500 CW 2021-09-11 2059 OK1XC         599 0033 OK1FJW        599 0073 ol2bil       
END-OF-LOG: 