START-OF-LOG: 3.0
CREATED-BY: Fast Log Entry 2.0
CONTEST: OL-PARTY
CALLSIGN: OK4RM
CATEGORY: EX-OL
CATEGORY-BAND: ALL
NAME: Bevak
CLAIMED-SCORE: 3294
SOAPBOX: Rig Xiegu G-90 + XPA125B, ant dipol (dublet) 2x40+ metru
SOAPBOX: Dipol rezonoval na 1660 KHz, takze jej doladil ATU.
SOAPBOX: Diky nerezonancni delce sel dipol naladit i na 80m.
SOAPBOX: Bohuzel pet minut pred koncem ATU odeprel spolupraci a zavod tim pro me skoncil.
SOAPBOX: Nekolikrat jsem litoval, ze nemame domluveny postup jak pozadat stn na 80m, 
SOAPBOX: aby prepnula zpet na 160m dodatecne udelala QSO na 160m (OK2GG,OM5KM)
SOAPBOX: (1+28+25) * 61
QSO:  1800 CW 2021-09-11 1907 OK4RM         599 99 OL4BEV OK2ZC         599 94           0
QSO:  1800 CW 2021-09-11 1910 OK4RM         599 98 OL4BEV OK1LL         599 92  OL9ACZ   0
QSO:  1800 CW 2021-09-11 1911 OK4RM         599 97 OL4BEV OK1MAC        599 98  OL5ALY   0
QSO:  1800 CW 2021-09-11 1913 OK4RM         599 96 OL4BEV OK1DX         599 89  OL3AXS   0
QSO:  1800 CW 2021-09-11 1913 OK4RM         599 95 OL4BEV OM5CM         599 92           0
QSO:  1800 CW 2021-09-11 1916 OK4RM         599 94 OL4BEV OK1CZ         599 90  OL1API   0
QSO:  1800 CW 2021-09-11 1918 OK4RM         599 93 OL4BEV OK1DOL        599 78  OL3AWW   0
QSO:  1800 CW 2021-09-11 1920 OK4RM         599 92 OL4BEV OK1DQP        599 88  OL5BOO   0
QSO:  1800 CW 2021-09-11 1921 OK4RM         599 91 OL4BEV OM7CF         599 85  OL9AJK   0
QSO:  1800 CW 2021-09-11 1923 OK4RM         599 90 OL4BEV OK1XC         599 83  OL1ADZ   0
QSO:  1800 CW 2021-09-11 1924 OK4RM         599 89 OL4BEV OK1FPG        599 81  OL2BEP   0
QSO:  1800 CW 2021-09-11 1927 OK4RM         599 88 OL4BEV OM6PG         599 94  OL9ABJ   0
QSO:  1800 CW 2021-09-11 1927 OK4RM         599 87 OL4BEV OK1MGW        599 90  OL5AGW   0
QSO:  1800 CW 2021-09-11 1928 OK4RM         599 86 OL4BEV OK2DM         599 90  OL7BEH   0
QSO:  1800 CW 2021-09-11 1929 OK4RM         599 85 OL4BEV OK2BMU        599 80  OL7AVX   0
QSO:  1800 CW 2021-09-11 1930 OK4RM         599 84 OL4BEV OK1DXW        599 91  OL1ARA   0
QSO:  1800 CW 2021-09-11 1931 OK4RM         599 83 OL4BEV OK1PFM        599 94  OL6AME   0
QSO:  1800 CW 2021-09-11 1932 OK4RM         599 82 OL4BEV OK2BMA        599 94  OL6AAE   0
QSO:  1800 CW 2021-09-11 1934 OK4RM         599 81 OL4BEV OK1FFA        599 92  OL1AQO   0
QSO:  1800 CW 2021-09-11 1935 OK4RM         599 80 OL4BEV OK1JOC        599 95  OL3BJN   0
QSO:  1800 CW 2021-09-11 1936 OK4RM         599 79 OL4BEV OK1OA         599 72  OL1ABK   0
QSO:  1800 CW 2021-09-11 1938 OK4RM         599 78 OL4BEV OK2BND        599 93  OL7AGP   0
QSO:  1800 CW 2021-09-11 1940 OK4RM         599 77 OL4BEV OK1DN         599 88  OL1AAG   0
QSO:  1800 CW 2021-09-11 1942 OK4RM         599 76 OL4BEV OK2WX         599 76  OL7BDA   0
QSO:  1800 CW 2021-09-11 1948 OK4RM         599 75 OL4BEV OK2PWM        599 87  OL6BEN   0
QSO:  1800 CW 2021-09-11 1949 OK4RM         599 74 OL4BEV OK2PKD        599 76  OL7AZH   0
QSO:  1800 CW 2021-09-11 1950 OK4RM         599 73 OL4BEV OK1MDK        599 70  OL5ADK   0
QSO:  1800 CW 2021-09-11 1951 OK4RM         599 72 OL4BEV OK1DAG        599 90  OL1AFB   0
QSO:  1800 CW 2021-09-11 1952 OK4RM         599 71 OL4BEV OK2BZM        599 78  OL6AYY   0
QSO:  1800 CW 2021-09-11 1952 OK4RM         599 70 OL4BEV OK2BVX        599 86  OL6AVS   0
QSO:  3500 CW 2021-09-11 2003 OK4RM         599 69 OL4BEV OK2PKD        599 99  OL7AZH   0
QSO:  3500 CW 2021-09-11 2008 OK4RM         599 68 OL4BEV OK2WX         599 69  OL7BDA   0
QSO:  3500 CW 2021-09-11 2010 OK4RM         599 67 OL4BEV OK1XC         599 61  OL1ADZ   0
QSO:  3500 CW 2021-09-11 2011 OK4RM         599 66 OL4BEV OK1JPO        599 83  OL4AES   0
QSO:  3500 CW 2021-09-11 2013 OK4RM         599 65 OL4BEV OM5KM         599 77  OL8CAC   0
QSO:  3500 CW 2021-09-11 2015 OK4RM         599 64 OL4BEV OK1FHI        599 75  OL4BHI   0
QSO:  3500 CW 2021-09-11 2017 OK4RM         599 63 OL4BEV OM5VS         599 74           0
QSO:  3500 CW 2021-09-11 2018 OK4RM         599 62 OL4BEV OK1DOL        599 35  OL3AWW   0
QSO:  3500 CW 2021-09-11 2018 OK4RM         599 61 OL4BEV OK2ZC         599 45           0
QSO:  3500 CW 2021-09-11 2019 OK4RM         599 60 OL4BEV OK1DXW        599 80  OL1ARA   0
QSO:  3500 CW 2021-09-11 2020 OK4RM         599 59 OL4BEV OM7CF         599 56  OL9AJK   0
QSO:  3500 CW 2021-09-11 2021 OK4RM         599 58 OL4BEV OK2ZV         599 64  OL6BES   0
QSO:  3500 CW 2021-09-11 2023 OK4RM         599 57 OL4BEV OK1DQP        599 62  OL5BOO   0
QSO:  3500 CW 2021-09-11 2024 OK4RM         599 56 OL4BEV OK1DX         599 43  OL3AXS   0
QSO:  3500 CW 2021-09-11 2025 OK4RM         599 55 OL4BEV OK1LL         599 49  OL9ACZ   0
QSO:  3500 CW 2021-09-11 2027 OK4RM         599 54 OL4BEV OM5CM         599 45           0
QSO:  3500 CW 2021-09-11 2029 OK4RM         599 53 OL4BEV OM8AQ         599 68  OL0CHC   0
QSO:  3500 CW 2021-09-11 2034 OK4RM         599 52 OL4BEV OK2GG         599 54  OL6AOQ   0
QSO:  3500 CW 2021-09-11 2036 OK4RM         599 51 OL4BEV OK1DAG        599 75  OL1AFB   0
QSO:  3500 CW 2021-09-11 2038 OK4RM         599 50 OL4BEV OK8KM         599 78           0
QSO:  3500 CW 2021-09-11 2039 OK4RM         599 49 OL4BEV OK1FZM        599 71  OL1AZM   0
QSO:  3500 CW 2021-09-11 2040 OK4RM         599 48 OL4BEV OK1DN         599 68  OL1AAG   0
QSO:  3500 CW 2021-09-11 2041 OK4RM         599 47 OL4BEV OK1FPA        599 94  OL4BQL   0
QSO:  3500 CW 2021-09-11 2042 OK4RM         599 46 OL4BEV OK2BVX        599 62  OL6AVS   0
QSO:  3500 CW 2021-09-11 2043 OK4RM         599 45 OL4BEV OK2BZM        599 59  OL6AYY   0
QSO:  3500 CW 2021-09-11 2044 OK4RM         599 44 OL4BEV OK1DVA        599 80           0
QSO:  3500 CW 2021-09-11 2045 OK4RM         599 43 OL4BEV OM6PG         599 72  OL9ABG   0
QSO:  3500 CW 2021-09-11 2046 OK4RM         599 42 OL4BEV OK1FCA        599 86           0
QSO:  3500 CW 2021-09-11 2052 OK4RM         599 41 OL4BEV OK2BMA        599 59  OL6AAE   0
QSO:  3500 CW 2021-09-11 2055 OK4RM         599 40 OL4BEV OK1MGW        599 49  OL5AGW   0
QSO:  3500 CW 2021-09-11 2056 OK4RM         599 39 OL4BEV OK2BND        599 60  OL7AGP   0
END-OF-LOG:
